FIFO:
Erro de página. Endereço: 76, Página: 7
Erro de página. Endereço: 1, Página: 0
Erro de página. Endereço: 19, Página: 1
Erro de página. Endereço: 29, Página: 2
Erro de página. Endereço: 38, Página: 3
Erro de página. Endereço: 9, Página: 0
Erro de página. Endereço: 43, Página: 4
Erro de página. Endereço: 29, Página: 2
Erro de página. Endereço: 39, Página: 3
Erro de página. Endereço: 8, Página: 0
Erro de página. Endereço: 17, Página: 1
Erro de página. Endereço: 24, Página: 2
Erro de página. Endereço: 73, Página: 7
Erro de página. Endereço: 5, Página: 0
Erro de página. Endereço: 16, Página: 1

OPT:
Erro de página. Endereço: 76, Página: 7
Erro de página. Endereço: 1, Página: 0
Erro de página. Endereço: 19, Página: 1
Erro de página. Endereço: 29, Página: 2
Erro de página. Endereço: 38, Página: 3
Erro de página. Endereço: 43, Página: 4
Erro de página. Endereço: 39, Página: 3
Erro de página. Endereço: 17, Página: 1
Erro de página. Endereço: 73, Página: 7

LRU:
Erro de página. Endereço: 76, Página: 7
Erro de página. Endereço: 1, Página: 0
Erro de página. Endereço: 19, Página: 1
erro de pagina endereço :29 pagina: 2
erro de pagina endereço :38 pagina: 3
erro de pagina endereço :43 pagina: 4
erro de pagina endereço :29 pagina: 2
erro de pagina endereço :39 pagina: 3
erro de pagina endereço :8 pagina: 0
erro de pagina endereço :17 pagina: 1
erro de pagina endereço :7 pagina: 0
erro de pagina endereço :73 pagina: 7
